<?xml version="1.0" encoding="UTF-8"?>
<testsuite xmlns:xsi="http://www.w3.org/2001/XMLSchema-instance" xsi:noNamespaceSchemaLocation="https://maven.apache.org/surefire/maven-surefire-plugin/xsd/surefire-test-report.xsd" name="com.example.MovieAppTest" time="1.134" tests="7" errors="0" skipped="0" failures="0">
  <properties>
    <property name="java.specification.version" value="21"/>
    <property name="sun.jnu.encoding" value="UTF-8"/>
    <property name="java.class.path" value="/mnt/c/Users/36202/OneDrive/Desktop/MovieApp/target/test-classes:/mnt/c/Users/36202/OneDrive/Desktop/MovieApp/target/classes:/home/abrarahmed/.m2/repository/org/springframework/boot/spring-boot-starter/3.1.3/spring-boot-starter-3.1.3.jar:/home/abrarahmed/.m2/repository/org/springframework/boot/spring-boot/3.1.3/spring-boot-3.1.3.jar:/home/abrarahmed/.m2/repository/org/springframework/spring-context/6.0.11/spring-context-6.0.11.jar:/home/abrarahmed/.m2/repository/org/springframework/spring-aop/6.0.11/spring-aop-6.0.11.jar:/home/abrarahmed/.m2/repository/org/springframework/spring-expression/6.0.11/spring-expression-6.0.11.jar:/home/abrarahmed/.m2/repository/org/springframework/boot/spring-boot-autoconfigure/3.1.3/spring-boot-autoconfigure-3.1.3.jar:/home/abrarahmed/.m2/repository/org/springframework/boot/spring-boot-starter-logging/3.1.3/spring-boot-starter-logging-3.1.3.jar:/home/abrarahmed/.m2/repository/ch/qos/logback/logback-classic/1.4.11/logback-classic-1.4.11.jar:/home/abrarahmed/.m2/repository/ch/qos/logback/logback-core/1.4.11/logback-core-1.4.11.jar:/home/abrarahmed/.m2/repository/org/apache/logging/log4j/log4j-to-slf4j/2.20.0/log4j-to-slf4j-2.20.0.jar:/home/abrarahmed/.m2/repository/org/apache/logging/log4j/log4j-api/2.20.0/log4j-api-2.20.0.jar:/home/abrarahmed/.m2/repository/org/slf4j/jul-to-slf4j/2.0.7/jul-to-slf4j-2.0.7.jar:/home/abrarahmed/.m2/repository/jakarta/annotation/jakarta.annotation-api/2.1.1/jakarta.annotation-api-2.1.1.jar:/home/abrarahmed/.m2/repository/org/springframework/spring-core/6.0.11/spring-core-6.0.11.jar:/home/abrarahmed/.m2/repository/org/springframework/spring-jcl/6.0.11/spring-jcl-6.0.11.jar:/home/abrarahmed/.m2/repository/org/yaml/snakeyaml/1.33/snakeyaml-1.33.jar:/home/abrarahmed/.m2/repository/org/springframework/boot/spring-boot-starter-data-jdbc/3.1.3/spring-boot-starter-data-jdbc-3.1.3.jar:/home/abrarahmed/.m2/repository/org/springframework/boot/spring-boot-starter-jdbc/3.1.3/spring-boot-starter-jdbc-3.1.3.jar:/home/abrarahmed/.m2/repository/com/zaxxer/HikariCP/5.0.1/HikariCP-5.0.1.jar:/home/abrarahmed/.m2/repository/org/springframework/spring-jdbc/6.0.11/spring-jdbc-6.0.11.jar:/home/abrarahmed/.m2/repository/org/springframework/data/spring-data-jdbc/3.1.3/spring-data-jdbc-3.1.3.jar:/home/abrarahmed/.m2/repository/org/springframework/data/spring-data-relational/3.1.3/spring-data-relational-3.1.3.jar:/home/abrarahmed/.m2/repository/org/springframework/data/spring-data-commons/3.1.3/spring-data-commons-3.1.3.jar:/home/abrarahmed/.m2/repository/org/springframework/spring-tx/6.0.11/spring-tx-6.0.11.jar:/home/abrarahmed/.m2/repository/org/springframework/spring-beans/6.0.11/spring-beans-6.0.11.jar:/home/abrarahmed/.m2/repository/org/slf4j/slf4j-api/2.0.2/slf4j-api-2.0.2.jar:/home/abrarahmed/.m2/repository/com/h2database/h2/2.2.220/h2-2.2.220.jar:/home/abrarahmed/.m2/repository/org/springframework/boot/spring-boot-starter-test/3.1.3/spring-boot-starter-test-3.1.3.jar:/home/abrarahmed/.m2/repository/org/springframework/boot/spring-boot-test/3.1.3/spring-boot-test-3.1.3.jar:/home/abrarahmed/.m2/repository/org/springframework/boot/spring-boot-test-autoconfigure/3.1.3/spring-boot-test-autoconfigure-3.1.3.jar:/home/abrarahmed/.m2/repository/com/jayway/jsonpath/json-path/2.8.0/json-path-2.8.0.jar:/home/abrarahmed/.m2/repository/jakarta/xml/bind/jakarta.xml.bind-api/4.0.0/jakarta.xml.bind-api-4.0.0.jar:/home/abrarahmed/.m2/repository/jakarta/activation/jakarta.activation-api/2.1.0/jakarta.activation-api-2.1.0.jar:/home/abrarahmed/.m2/repository/net/minidev/json-smart/2.4.11/json-smart-2.4.11.jar:/home/abrarahmed/.m2/repository/net/minidev/accessors-smart/2.4.11/accessors-smart-2.4.11.jar:/home/abrarahmed/.m2/repository/org/ow2/asm/asm/9.3/asm-9.3.jar:/home/abrarahmed/.m2/repository/org/assertj/assertj-core/3.24.2/assertj-core-3.24.2.jar:/home/abrarahmed/.m2/repository/net/bytebuddy/byte-buddy/1.12.21/byte-buddy-1.12.21.jar:/home/abrarahmed/.m2/repository/org/hamcrest/hamcrest/2.2/hamcrest-2.2.jar:/home/abrarahmed/.m2/repository/org/junit/jupiter/junit-jupiter/5.9.3/junit-jupiter-5.9.3.jar:/home/abrarahmed/.m2/repository/org/junit/jupiter/junit-jupiter-api/5.9.3/junit-jupiter-api-5.9.3.jar:/home/abrarahmed/.m2/repository/org/opentest4j/opentest4j/1.2.0/opentest4j-1.2.0.jar:/home/abrarahmed/.m2/repository/org/junit/platform/junit-platform-commons/1.9.3/junit-platform-commons-1.9.3.jar:/home/abrarahmed/.m2/repository/org/apiguardian/apiguardian-api/1.1.2/apiguardian-api-1.1.2.jar:/home/abrarahmed/.m2/repository/org/junit/jupiter/junit-jupiter-params/5.9.3/junit-jupiter-params-5.9.3.jar:/home/abrarahmed/.m2/repository/org/junit/jupiter/junit-jupiter-engine/5.9.3/junit-jupiter-engine-5.9.3.jar:/home/abrarahmed/.m2/repository/org/junit/platform/junit-platform-engine/1.9.3/junit-platform-engine-1.9.3.jar:/home/abrarahmed/.m2/repository/org/mockito/mockito-core/5.3.1/mockito-core-5.3.1.jar:/home/abrarahmed/.m2/repository/net/bytebuddy/byte-buddy-agent/1.14.4/byte-buddy-agent-1.14.4.jar:/home/abrarahmed/.m2/repository/org/objenesis/objenesis/3.3/objenesis-3.3.jar:/home/abrarahmed/.m2/repository/org/mockito/mockito-junit-jupiter/5.3.1/mockito-junit-jupiter-5.3.1.jar:/home/abrarahmed/.m2/repository/org/skyscreamer/jsonassert/1.5.1/jsonassert-1.5.1.jar:/home/abrarahmed/.m2/repository/com/vaadin/external/google/android-json/0.0.20131108.vaadin1/android-json-0.0.20131108.vaadin1.jar:/home/abrarahmed/.m2/repository/org/springframework/spring-test/6.0.11/spring-test-6.0.11.jar:/home/abrarahmed/.m2/repository/org/xmlunit/xmlunit-core/2.9.1/xmlunit-core-2.9.1.jar:"/>
    <property name="java.vm.vendor" value="Ubuntu"/>
    <property name="sun.arch.data.model" value="64"/>
    <property name="java.vendor.url" value="https://ubuntu.com/"/>
    <property name="os.name" value="Linux"/>
    <property name="java.vm.specification.version" value="21"/>
    <property name="sun.java.launcher" value="SUN_STANDARD"/>
    <property name="sun.boot.library.path" value="/usr/lib/jvm/java-21-openjdk-amd64/lib"/>
    <property name="sun.java.command" value="/mnt/c/Users/36202/OneDrive/Desktop/MovieApp/target/surefire/surefirebooter13907226160740966245.jar /mnt/c/Users/36202/OneDrive/Desktop/MovieApp/target/surefire 2024-11-08T11-22-24_995-jvmRun1 surefire10215762504142213412tmp surefire_08496722607436090987tmp"/>
    <property name="jdk.debug" value="release"/>
    <property name="surefire.test.class.path" value="/mnt/c/Users/36202/OneDrive/Desktop/MovieApp/target/test-classes:/mnt/c/Users/36202/OneDrive/Desktop/MovieApp/target/classes:/home/abrarahmed/.m2/repository/org/springframework/boot/spring-boot-starter/3.1.3/spring-boot-starter-3.1.3.jar:/home/abrarahmed/.m2/repository/org/springframework/boot/spring-boot/3.1.3/spring-boot-3.1.3.jar:/home/abrarahmed/.m2/repository/org/springframework/spring-context/6.0.11/spring-context-6.0.11.jar:/home/abrarahmed/.m2/repository/org/springframework/spring-aop/6.0.11/spring-aop-6.0.11.jar:/home/abrarahmed/.m2/repository/org/springframework/spring-expression/6.0.11/spring-expression-6.0.11.jar:/home/abrarahmed/.m2/repository/org/springframework/boot/spring-boot-autoconfigure/3.1.3/spring-boot-autoconfigure-3.1.3.jar:/home/abrarahmed/.m2/repository/org/springframework/boot/spring-boot-starter-logging/3.1.3/spring-boot-starter-logging-3.1.3.jar:/home/abrarahmed/.m2/repository/ch/qos/logback/logback-classic/1.4.11/logback-classic-1.4.11.jar:/home/abrarahmed/.m2/repository/ch/qos/logback/logback-core/1.4.11/logback-core-1.4.11.jar:/home/abrarahmed/.m2/repository/org/apache/logging/log4j/log4j-to-slf4j/2.20.0/log4j-to-slf4j-2.20.0.jar:/home/abrarahmed/.m2/repository/org/apache/logging/log4j/log4j-api/2.20.0/log4j-api-2.20.0.jar:/home/abrarahmed/.m2/repository/org/slf4j/jul-to-slf4j/2.0.7/jul-to-slf4j-2.0.7.jar:/home/abrarahmed/.m2/repository/jakarta/annotation/jakarta.annotation-api/2.1.1/jakarta.annotation-api-2.1.1.jar:/home/abrarahmed/.m2/repository/org/springframework/spring-core/6.0.11/spring-core-6.0.11.jar:/home/abrarahmed/.m2/repository/org/springframework/spring-jcl/6.0.11/spring-jcl-6.0.11.jar:/home/abrarahmed/.m2/repository/org/yaml/snakeyaml/1.33/snakeyaml-1.33.jar:/home/abrarahmed/.m2/repository/org/springframework/boot/spring-boot-starter-data-jdbc/3.1.3/spring-boot-starter-data-jdbc-3.1.3.jar:/home/abrarahmed/.m2/repository/org/springframework/boot/spring-boot-starter-jdbc/3.1.3/spring-boot-starter-jdbc-3.1.3.jar:/home/abrarahmed/.m2/repository/com/zaxxer/HikariCP/5.0.1/HikariCP-5.0.1.jar:/home/abrarahmed/.m2/repository/org/springframework/spring-jdbc/6.0.11/spring-jdbc-6.0.11.jar:/home/abrarahmed/.m2/repository/org/springframework/data/spring-data-jdbc/3.1.3/spring-data-jdbc-3.1.3.jar:/home/abrarahmed/.m2/repository/org/springframework/data/spring-data-relational/3.1.3/spring-data-relational-3.1.3.jar:/home/abrarahmed/.m2/repository/org/springframework/data/spring-data-commons/3.1.3/spring-data-commons-3.1.3.jar:/home/abrarahmed/.m2/repository/org/springframework/spring-tx/6.0.11/spring-tx-6.0.11.jar:/home/abrarahmed/.m2/repository/org/springframework/spring-beans/6.0.11/spring-beans-6.0.11.jar:/home/abrarahmed/.m2/repository/org/slf4j/slf4j-api/2.0.2/slf4j-api-2.0.2.jar:/home/abrarahmed/.m2/repository/com/h2database/h2/2.2.220/h2-2.2.220.jar:/home/abrarahmed/.m2/repository/org/springframework/boot/spring-boot-starter-test/3.1.3/spring-boot-starter-test-3.1.3.jar:/home/abrarahmed/.m2/repository/org/springframework/boot/spring-boot-test/3.1.3/spring-boot-test-3.1.3.jar:/home/abrarahmed/.m2/repository/org/springframework/boot/spring-boot-test-autoconfigure/3.1.3/spring-boot-test-autoconfigure-3.1.3.jar:/home/abrarahmed/.m2/repository/com/jayway/jsonpath/json-path/2.8.0/json-path-2.8.0.jar:/home/abrarahmed/.m2/repository/jakarta/xml/bind/jakarta.xml.bind-api/4.0.0/jakarta.xml.bind-api-4.0.0.jar:/home/abrarahmed/.m2/repository/jakarta/activation/jakarta.activation-api/2.1.0/jakarta.activation-api-2.1.0.jar:/home/abrarahmed/.m2/repository/net/minidev/json-smart/2.4.11/json-smart-2.4.11.jar:/home/abrarahmed/.m2/repository/net/minidev/accessors-smart/2.4.11/accessors-smart-2.4.11.jar:/home/abrarahmed/.m2/repository/org/ow2/asm/asm/9.3/asm-9.3.jar:/home/abrarahmed/.m2/repository/org/assertj/assertj-core/3.24.2/assertj-core-3.24.2.jar:/home/abrarahmed/.m2/repository/net/bytebuddy/byte-buddy/1.12.21/byte-buddy-1.12.21.jar:/home/abrarahmed/.m2/repository/org/hamcrest/hamcrest/2.2/hamcrest-2.2.jar:/home/abrarahmed/.m2/repository/org/junit/jupiter/junit-jupiter/5.9.3/junit-jupiter-5.9.3.jar:/home/abrarahmed/.m2/repository/org/junit/jupiter/junit-jupiter-api/5.9.3/junit-jupiter-api-5.9.3.jar:/home/abrarahmed/.m2/repository/org/opentest4j/opentest4j/1.2.0/opentest4j-1.2.0.jar:/home/abrarahmed/.m2/repository/org/junit/platform/junit-platform-commons/1.9.3/junit-platform-commons-1.9.3.jar:/home/abrarahmed/.m2/repository/org/apiguardian/apiguardian-api/1.1.2/apiguardian-api-1.1.2.jar:/home/abrarahmed/.m2/repository/org/junit/jupiter/junit-jupiter-params/5.9.3/junit-jupiter-params-5.9.3.jar:/home/abrarahmed/.m2/repository/org/junit/jupiter/junit-jupiter-engine/5.9.3/junit-jupiter-engine-5.9.3.jar:/home/abrarahmed/.m2/repository/org/junit/platform/junit-platform-engine/1.9.3/junit-platform-engine-1.9.3.jar:/home/abrarahmed/.m2/repository/org/mockito/mockito-core/5.3.1/mockito-core-5.3.1.jar:/home/abrarahmed/.m2/repository/net/bytebuddy/byte-buddy-agent/1.14.4/byte-buddy-agent-1.14.4.jar:/home/abrarahmed/.m2/repository/org/objenesis/objenesis/3.3/objenesis-3.3.jar:/home/abrarahmed/.m2/repository/org/mockito/mockito-junit-jupiter/5.3.1/mockito-junit-jupiter-5.3.1.jar:/home/abrarahmed/.m2/repository/org/skyscreamer/jsonassert/1.5.1/jsonassert-1.5.1.jar:/home/abrarahmed/.m2/repository/com/vaadin/external/google/android-json/0.0.20131108.vaadin1/android-json-0.0.20131108.vaadin1.jar:/home/abrarahmed/.m2/repository/org/springframework/spring-test/6.0.11/spring-test-6.0.11.jar:/home/abrarahmed/.m2/repository/org/xmlunit/xmlunit-core/2.9.1/xmlunit-core-2.9.1.jar:"/>
    <property name="sun.cpu.endian" value="little"/>
    <property name="user.home" value="/home/abrarahmed"/>
    <property name="user.language" value="en"/>
    <property name="java.specification.vendor" value="Oracle Corporation"/>
    <property name="java.version.date" value="2024-07-16"/>
    <property name="java.home" value="/usr/lib/jvm/java-21-openjdk-amd64"/>
    <property name="file.separator" value="/"/>
    <property name="basedir" value="/mnt/c/Users/36202/OneDrive/Desktop/MovieApp"/>
    <property name="java.vm.compressedOopsMode" value="32-bit"/>
    <property name="line.separator" value="&#10;"/>
    <property name="java.vm.specification.vendor" value="Oracle Corporation"/>
    <property name="java.specification.name" value="Java Platform API Specification"/>
    <property name="surefire.real.class.path" value="/mnt/c/Users/36202/OneDrive/Desktop/MovieApp/target/surefire/surefirebooter13907226160740966245.jar"/>
    <property name="sun.management.compiler" value="HotSpot 64-Bit Tiered Compilers"/>
    <property name="java.runtime.version" value="21.0.4+7-Ubuntu-1ubuntu224.04"/>
    <property name="user.name" value="abrarahmed"/>
    <property name="stdout.encoding" value="UTF-8"/>
    <property name="path.separator" value=":"/>
    <property name="os.version" value="5.15.153.1-microsoft-standard-WSL2"/>
    <property name="java.runtime.name" value="OpenJDK Runtime Environment"/>
    <property name="file.encoding" value="UTF-8"/>
    <property name="java.vm.name" value="OpenJDK 64-Bit Server VM"/>
    <property name="localRepository" value="/home/abrarahmed/.m2/repository"/>
    <property name="java.vendor.url.bug" value="https://bugs.launchpad.net/ubuntu/+source/openjdk-21"/>
    <property name="java.io.tmpdir" value="/tmp"/>
    <property name="java.version" value="21.0.4"/>
    <property name="user.dir" value="/mnt/c/Users/36202/OneDrive/Desktop/MovieApp"/>
    <property name="os.arch" value="amd64"/>
    <property name="java.vm.specification.name" value="Java Virtual Machine Specification"/>
    <property name="native.encoding" value="UTF-8"/>
    <property name="java.library.path" value="/usr/java/packages/lib:/usr/lib/x86_64-linux-gnu/jni:/lib/x86_64-linux-gnu:/usr/lib/x86_64-linux-gnu:/usr/lib/jni:/lib:/usr/lib"/>
    <property name="stderr.encoding" value="UTF-8"/>
    <property name="java.vm.info" value="mixed mode, sharing"/>
    <property name="java.vendor" value="Ubuntu"/>
    <property name="java.vm.version" value="21.0.4+7-Ubuntu-1ubuntu224.04"/>
    <property name="sun.io.unicode.encoding" value="UnicodeLittle"/>
    <property name="java.class.version" value="65.0"/>
  </properties>
  <testcase name="testDeletePersonNotFound" classname="com.example.MovieAppTest" time="1.014"/>
  <testcase name="testAddMovie" classname="com.example.MovieAppTest" time="0.021"/>
  <testcase name="testListMovies" classname="com.example.MovieAppTest" time="0.012"/>
  <testcase name="testAddExistingPerson" classname="com.example.MovieAppTest" time="0.004"/>
  <testcase name="testAddPerson" classname="com.example.MovieAppTest" time="0.008"/>
  <testcase name="testDeleteDirector" classname="com.example.MovieAppTest" time="0.006"/>
  <testcase name="testAddMovieWithUnknownDirector" classname="com.example.MovieAppTest" time="0.009"/>
</testsuite>